----------------------------------------------------------------
Tue Jun 09 08:50:27 BRT 2020:
Booting Derby version The Apache Software Foundation - Apache Derby - 10.14.2.0 - (1828579): instance a816c00e-0172-98ea-d9c8-000007110938 
on database directory C:\Users\foste\Desktop\Repositório Atividade Final Poo\AtividadeFinal\db180467 with class loader sun.misc.Launcher$AppClassLoader@764c12b6 
Loaded from file:/C:/Users/foste/.m2/repository/org/apache/derby/derby/10.14.2.0/derby-10.14.2.0.jar
java.vendor=Oracle Corporation
java.runtime.version=1.8.0_221-b11
user.dir=c:\Users\foste\Desktop\Repositório Atividade Final Poo\AtividadeFinal
os.name=Windows 10
os.arch=amd64
os.version=10.0
derby.system.home=null
Database Class Loader started - derby.database.classpath=''
----------------------------------------------------------------
Tue Jun 09 08:56:25 BRT 2020:
Shutting down instance a816c00e-0172-98ea-d9c8-000007110938 on database directory C:\Users\foste\Desktop\Repositório Atividade Final Poo\AtividadeFinal\db180467 with class loader sun.misc.Launcher$AppClassLoader@764c12b6 
Tue Jun 09 08:56:26 BRT 2020 Thread[Thread-204,5,main] Cleanup action starting
ERROR XBM0I: Directory db180467 cannot be removed.
	at org.apache.derby.iapi.error.StandardException.newException(Unknown Source)
	at org.apache.derby.iapi.error.StandardException.newException(Unknown Source)
	at org.apache.derby.iapi.services.monitor.Monitor.removePersistentService(Unknown Source)
	at org.apache.derby.impl.jdbc.EmbedConnection$6.run(Unknown Source)
	at java.security.AccessController.doPrivileged(Native Method)
	at org.apache.derby.impl.jdbc.EmbedConnection.removePersistentService(Unknown Source)
	at org.apache.derby.impl.jdbc.EmbedConnection.<init>(Unknown Source)
	at org.apache.derby.jdbc.InternalDriver$1.run(Unknown Source)
	at org.apache.derby.jdbc.InternalDriver$1.run(Unknown Source)
	at java.security.AccessController.doPrivileged(Native Method)
	at org.apache.derby.jdbc.InternalDriver.getNewEmbedConnection(Unknown Source)
	at org.apache.derby.jdbc.InternalDriver$LoginCallable.call(Unknown Source)
	at org.apache.derby.jdbc.InternalDriver$LoginCallable.call(Unknown Source)
	at java.util.concurrent.FutureTask.run(FutureTask.java:266)
	at java.util.concurrent.ThreadPoolExecutor.runWorker(ThreadPoolExecutor.java:1149)
	at java.util.concurrent.ThreadPoolExecutor$Worker.run(ThreadPoolExecutor.java:624)
	at java.lang.Thread.run(Thread.java:748)
Cleanup action completed
Tue Jun 09 08:56:26 BRT 2020 Thread[Thread-204,5,main] Cleanup action starting
ERROR XBM0I: Directory db180467 cannot be removed.
	at org.apache.derby.iapi.error.StandardException.newException(Unknown Source)
	at org.apache.derby.iapi.error.StandardException.newException(Unknown Source)
	at org.apache.derby.iapi.services.monitor.Monitor.removePersistentService(Unknown Source)
	at org.apache.derby.impl.jdbc.EmbedConnection$6.run(Unknown Source)
	at java.security.AccessController.doPrivileged(Native Method)
	at org.apache.derby.impl.jdbc.EmbedConnection.removePersistentService(Unknown Source)
	at org.apache.derby.impl.jdbc.EmbedConnection.<init>(Unknown Source)
	at org.apache.derby.jdbc.InternalDriver$1.run(Unknown Source)
	at org.apache.derby.jdbc.InternalDriver$1.run(Unknown Source)
	at java.security.AccessController.doPrivileged(Native Method)
	at org.apache.derby.jdbc.InternalDriver.getNewEmbedConnection(Unknown Source)
	at org.apache.derby.jdbc.InternalDriver$LoginCallable.call(Unknown Source)
	at org.apache.derby.jdbc.InternalDriver$LoginCallable.call(Unknown Source)
	at java.util.concurrent.FutureTask.run(FutureTask.java:266)
	at java.util.concurrent.ThreadPoolExecutor.runWorker(ThreadPoolExecutor.java:1149)
	at java.util.concurrent.ThreadPoolExecutor$Worker.run(ThreadPoolExecutor.java:624)
	at java.lang.Thread.run(Thread.java:748)
Cleanup action completed
----------------------------------------------------------------
Tue Jun 09 08:56:27 BRT 2020:
Booting Derby version The Apache Software Foundation - Apache Derby - 10.14.2.0 - (1828579): instance a4bcc063-0172-98ea-d9c8-000007110938 
on database directory C:\Users\foste\Desktop\Repositório Atividade Final Poo\AtividadeFinal\db180467 with class loader sun.misc.Launcher$AppClassLoader@764c12b6 
Loaded from file:/C:/Users/foste/.m2/repository/org/apache/derby/derby/10.14.2.0/derby-10.14.2.0.jar
java.vendor=Oracle Corporation
java.runtime.version=1.8.0_221-b11
user.dir=c:\Users\foste\Desktop\Repositório Atividade Final Poo\AtividadeFinal
os.name=Windows 10
os.arch=amd64
os.version=10.0
derby.system.home=null
Database Class Loader started - derby.database.classpath=''
----------------------------------------------------------------
Tue Jun 09 09:07:32 BRT 2020:
Shutting down instance a4bcc063-0172-98ea-d9c8-000007110938 on database directory C:\Users\foste\Desktop\Repositório Atividade Final Poo\AtividadeFinal\db180467 with class loader sun.misc.Launcher$AppClassLoader@764c12b6 
Tue Jun 09 09:07:32 BRT 2020 Thread[Thread-403,5,main] Cleanup action starting
ERROR XBM0I: Directory db180467 cannot be removed.
	at org.apache.derby.iapi.error.StandardException.newException(Unknown Source)
	at org.apache.derby.iapi.error.StandardException.newException(Unknown Source)
	at org.apache.derby.iapi.services.monitor.Monitor.removePersistentService(Unknown Source)
	at org.apache.derby.impl.jdbc.EmbedConnection$6.run(Unknown Source)
	at java.security.AccessController.doPrivileged(Native Method)
	at org.apache.derby.impl.jdbc.EmbedConnection.removePersistentService(Unknown Source)
	at org.apache.derby.impl.jdbc.EmbedConnection.<init>(Unknown Source)
	at org.apache.derby.jdbc.InternalDriver$1.run(Unknown Source)
	at org.apache.derby.jdbc.InternalDriver$1.run(Unknown Source)
	at java.security.AccessController.doPrivileged(Native Method)
	at org.apache.derby.jdbc.InternalDriver.getNewEmbedConnection(Unknown Source)
	at org.apache.derby.jdbc.InternalDriver$LoginCallable.call(Unknown Source)
	at org.apache.derby.jdbc.InternalDriver$LoginCallable.call(Unknown Source)
	at java.util.concurrent.FutureTask.run(FutureTask.java:266)
	at java.util.concurrent.ThreadPoolExecutor.runWorker(ThreadPoolExecutor.java:1149)
	at java.util.concurrent.ThreadPoolExecutor$Worker.run(ThreadPoolExecutor.java:624)
	at java.lang.Thread.run(Thread.java:748)
Cleanup action completed
Tue Jun 09 09:07:32 BRT 2020 Thread[Thread-403,5,main] Cleanup action starting
ERROR XBM0I: Directory db180467 cannot be removed.
	at org.apache.derby.iapi.error.StandardException.newException(Unknown Source)
	at org.apache.derby.iapi.error.StandardException.newException(Unknown Source)
	at org.apache.derby.iapi.services.monitor.Monitor.removePersistentService(Unknown Source)
	at org.apache.derby.impl.jdbc.EmbedConnection$6.run(Unknown Source)
	at java.security.AccessController.doPrivileged(Native Method)
	at org.apache.derby.impl.jdbc.EmbedConnection.removePersistentService(Unknown Source)
	at org.apache.derby.impl.jdbc.EmbedConnection.<init>(Unknown Source)
	at org.apache.derby.jdbc.InternalDriver$1.run(Unknown Source)
	at org.apache.derby.jdbc.InternalDriver$1.run(Unknown Source)
	at java.security.AccessController.doPrivileged(Native Method)
	at org.apache.derby.jdbc.InternalDriver.getNewEmbedConnection(Unknown Source)
	at org.apache.derby.jdbc.InternalDriver$LoginCallable.call(Unknown Source)
	at org.apache.derby.jdbc.InternalDriver$LoginCallable.call(Unknown Source)
	at java.util.concurrent.FutureTask.run(FutureTask.java:266)
	at java.util.concurrent.ThreadPoolExecutor.runWorker(ThreadPoolExecutor.java:1149)
	at java.util.concurrent.ThreadPoolExecutor$Worker.run(ThreadPoolExecutor.java:624)
	at java.lang.Thread.run(Thread.java:748)
Cleanup action completed
----------------------------------------------------------------
Tue Jun 09 09:07:33 BRT 2020:
Booting Derby version The Apache Software Foundation - Apache Derby - 10.14.2.0 - (1828579): instance aa7ac093-0172-98ea-d9c8-000007110938 
on database directory C:\Users\foste\Desktop\Repositório Atividade Final Poo\AtividadeFinal\db180467 with class loader sun.misc.Launcher$AppClassLoader@764c12b6 
Loaded from file:/C:/Users/foste/.m2/repository/org/apache/derby/derby/10.14.2.0/derby-10.14.2.0.jar
java.vendor=Oracle Corporation
java.runtime.version=1.8.0_221-b11
user.dir=c:\Users\foste\Desktop\Repositório Atividade Final Poo\AtividadeFinal
os.name=Windows 10
os.arch=amd64
os.version=10.0
derby.system.home=null
Database Class Loader started - derby.database.classpath=''
----------------------------------------------------------------
Tue Jun 09 09:08:32 BRT 2020:
Shutting down instance aa7ac093-0172-98ea-d9c8-000007110938 on database directory C:\Users\foste\Desktop\Repositório Atividade Final Poo\AtividadeFinal\db180467 with class loader sun.misc.Launcher$AppClassLoader@764c12b6 
Tue Jun 09 09:08:33 BRT 2020 Thread[Thread-602,5,main] Cleanup action starting
ERROR XBM0I: Directory db180467 cannot be removed.
	at org.apache.derby.iapi.error.StandardException.newException(Unknown Source)
	at org.apache.derby.iapi.error.StandardException.newException(Unknown Source)
	at org.apache.derby.iapi.services.monitor.Monitor.removePersistentService(Unknown Source)
	at org.apache.derby.impl.jdbc.EmbedConnection$6.run(Unknown Source)
	at java.security.AccessController.doPrivileged(Native Method)
	at org.apache.derby.impl.jdbc.EmbedConnection.removePersistentService(Unknown Source)
	at org.apache.derby.impl.jdbc.EmbedConnection.<init>(Unknown Source)
	at org.apache.derby.jdbc.InternalDriver$1.run(Unknown Source)
	at org.apache.derby.jdbc.InternalDriver$1.run(Unknown Source)
	at java.security.AccessController.doPrivileged(Native Method)
	at org.apache.derby.jdbc.InternalDriver.getNewEmbedConnection(Unknown Source)
	at org.apache.derby.jdbc.InternalDriver$LoginCallable.call(Unknown Source)
	at org.apache.derby.jdbc.InternalDriver$LoginCallable.call(Unknown Source)
	at java.util.concurrent.FutureTask.run(FutureTask.java:266)
	at java.util.concurrent.ThreadPoolExecutor.runWorker(ThreadPoolExecutor.java:1149)
	at java.util.concurrent.ThreadPoolExecutor$Worker.run(ThreadPoolExecutor.java:624)
	at java.lang.Thread.run(Thread.java:748)
Cleanup action completed
Tue Jun 09 09:08:33 BRT 2020 Thread[Thread-602,5,main] Cleanup action starting
ERROR XBM0I: Directory db180467 cannot be removed.
	at org.apache.derby.iapi.error.StandardException.newException(Unknown Source)
	at org.apache.derby.iapi.error.StandardException.newException(Unknown Source)
	at org.apache.derby.iapi.services.monitor.Monitor.removePersistentService(Unknown Source)
	at org.apache.derby.impl.jdbc.EmbedConnection$6.run(Unknown Source)
	at java.security.AccessController.doPrivileged(Native Method)
	at org.apache.derby.impl.jdbc.EmbedConnection.removePersistentService(Unknown Source)
	at org.apache.derby.impl.jdbc.EmbedConnection.<init>(Unknown Source)
	at org.apache.derby.jdbc.InternalDriver$1.run(Unknown Source)
	at org.apache.derby.jdbc.InternalDriver$1.run(Unknown Source)
	at java.security.AccessController.doPrivileged(Native Method)
	at org.apache.derby.jdbc.InternalDriver.getNewEmbedConnection(Unknown Source)
	at org.apache.derby.jdbc.InternalDriver$LoginCallable.call(Unknown Source)
	at org.apache.derby.jdbc.InternalDriver$LoginCallable.call(Unknown Source)
	at java.util.concurrent.FutureTask.run(FutureTask.java:266)
	at java.util.concurrent.ThreadPoolExecutor.runWorker(ThreadPoolExecutor.java:1149)
	at java.util.concurrent.ThreadPoolExecutor$Worker.run(ThreadPoolExecutor.java:624)
	at java.lang.Thread.run(Thread.java:748)
Cleanup action completed
----------------------------------------------------------------
Tue Jun 09 09:08:34 BRT 2020:
Booting Derby version The Apache Software Foundation - Apache Derby - 10.14.2.0 - (1828579): instance 109f00b9-0172-98ea-d9c8-000007110938 
on database directory C:\Users\foste\Desktop\Repositório Atividade Final Poo\AtividadeFinal\db180467 with class loader sun.misc.Launcher$AppClassLoader@764c12b6 
Loaded from file:/C:/Users/foste/.m2/repository/org/apache/derby/derby/10.14.2.0/derby-10.14.2.0.jar
java.vendor=Oracle Corporation
java.runtime.version=1.8.0_221-b11
user.dir=c:\Users\foste\Desktop\Repositório Atividade Final Poo\AtividadeFinal
os.name=Windows 10
os.arch=amd64
os.version=10.0
derby.system.home=null
Database Class Loader started - derby.database.classpath=''
----------------------------------------------------------------
Tue Jun 09 09:24:30 BRT 2020:
Shutting down instance 109f00b9-0172-98ea-d9c8-000007110938 on database directory C:\Users\foste\Desktop\Repositório Atividade Final Poo\AtividadeFinal\db180467 with class loader sun.misc.Launcher$AppClassLoader@764c12b6 
Tue Jun 09 09:24:31 BRT 2020 Thread[Thread-802,5,main] Cleanup action starting
ERROR XBM0I: Directory db180467 cannot be removed.
	at org.apache.derby.iapi.error.StandardException.newException(Unknown Source)
	at org.apache.derby.iapi.error.StandardException.newException(Unknown Source)
	at org.apache.derby.iapi.services.monitor.Monitor.removePersistentService(Unknown Source)
	at org.apache.derby.impl.jdbc.EmbedConnection$6.run(Unknown Source)
	at java.security.AccessController.doPrivileged(Native Method)
	at org.apache.derby.impl.jdbc.EmbedConnection.removePersistentService(Unknown Source)
	at org.apache.derby.impl.jdbc.EmbedConnection.<init>(Unknown Source)
	at org.apache.derby.jdbc.InternalDriver$1.run(Unknown Source)
	at org.apache.derby.jdbc.InternalDriver$1.run(Unknown Source)
	at java.security.AccessController.doPrivileged(Native Method)
	at org.apache.derby.jdbc.InternalDriver.getNewEmbedConnection(Unknown Source)
	at org.apache.derby.jdbc.InternalDriver$LoginCallable.call(Unknown Source)
	at org.apache.derby.jdbc.InternalDriver$LoginCallable.call(Unknown Source)
	at java.util.concurrent.FutureTask.run(FutureTask.java:266)
	at java.util.concurrent.ThreadPoolExecutor.runWorker(ThreadPoolExecutor.java:1149)
	at java.util.concurrent.ThreadPoolExecutor$Worker.run(ThreadPoolExecutor.java:624)
	at java.lang.Thread.run(Thread.java:748)
Cleanup action completed
Tue Jun 09 09:24:31 BRT 2020 Thread[Thread-802,5,main] Cleanup action starting
ERROR XBM0I: Directory db180467 cannot be removed.
	at org.apache.derby.iapi.error.StandardException.newException(Unknown Source)
	at org.apache.derby.iapi.error.StandardException.newException(Unknown Source)
	at org.apache.derby.iapi.services.monitor.Monitor.removePersistentService(Unknown Source)
	at org.apache.derby.impl.jdbc.EmbedConnection$6.run(Unknown Source)
	at java.security.AccessController.doPrivileged(Native Method)
	at org.apache.derby.impl.jdbc.EmbedConnection.removePersistentService(Unknown Source)
	at org.apache.derby.impl.jdbc.EmbedConnection.<init>(Unknown Source)
	at org.apache.derby.jdbc.InternalDriver$1.run(Unknown Source)
	at org.apache.derby.jdbc.InternalDriver$1.run(Unknown Source)
	at java.security.AccessController.doPrivileged(Native Method)
	at org.apache.derby.jdbc.InternalDriver.getNewEmbedConnection(Unknown Source)
	at org.apache.derby.jdbc.InternalDriver$LoginCallable.call(Unknown Source)
	at org.apache.derby.jdbc.InternalDriver$LoginCallable.call(Unknown Source)
	at java.util.concurrent.FutureTask.run(FutureTask.java:266)
	at java.util.concurrent.ThreadPoolExecutor.runWorker(ThreadPoolExecutor.java:1149)
	at java.util.concurrent.ThreadPoolExecutor$Worker.run(ThreadPoolExecutor.java:624)
	at java.lang.Thread.run(Thread.java:748)
Cleanup action completed
----------------------------------------------------------------
Tue Jun 09 09:24:32 BRT 2020:
Booting Derby version The Apache Software Foundation - Apache Derby - 10.14.2.0 - (1828579): instance 06b1817d-0172-98ea-d9c8-000007110938 
on database directory C:\Users\foste\Desktop\Repositório Atividade Final Poo\AtividadeFinal\db180467 with class loader sun.misc.Launcher$AppClassLoader@764c12b6 
Loaded from file:/C:/Users/foste/.m2/repository/org/apache/derby/derby/10.14.2.0/derby-10.14.2.0.jar
java.vendor=Oracle Corporation
java.runtime.version=1.8.0_221-b11
user.dir=c:\Users\foste\Desktop\Repositório Atividade Final Poo\AtividadeFinal
os.name=Windows 10
os.arch=amd64
os.version=10.0
derby.system.home=null
Database Class Loader started - derby.database.classpath=''
